{"/Users/a.kuzmichev/dev-private/simple-totp/dist/index.js":{"path":"/Users/a.kuzmichev/dev-private/simple-totp/dist/index.js","s":{"1":1,"2":1,"3":1,"4":1,"5":1,"6":1,"7":1,"8":1,"9":1,"10":1,"11":1,"12":1,"13":1,"14":1,"15":1},"b":{},"f":{},"fnMap":{},"statementMap":{"1":{"start":{"line":2,"column":0},"end":{"line":2,"column":62}},"2":{"start":{"line":3,"column":0},"end":{"line":3,"column":35}},"3":{"start":{"line":4,"column":0},"end":{"line":4,"column":33}},"4":{"start":{"line":5,"column":0},"end":{"line":5,"column":47}},"5":{"start":{"line":6,"column":0},"end":{"line":6,"column":51}},"6":{"start":{"line":7,"column":0},"end":{"line":7,"column":47}},"7":{"start":{"line":8,"column":0},"end":{"line":8,"column":53}},"8":{"start":{"line":9,"column":0},"end":{"line":9,"column":37}},"9":{"start":{"line":10,"column":0},"end":{"line":10,"column":36}},"10":{"start":{"line":11,"column":0},"end":{"line":11,"column":43}},"11":{"start":{"line":12,"column":0},"end":{"line":12,"column":45}},"12":{"start":{"line":13,"column":0},"end":{"line":13,"column":37}},"13":{"start":{"line":14,"column":0},"end":{"line":14,"column":36}},"14":{"start":{"line":15,"column":0},"end":{"line":15,"column":37}},"15":{"start":{"line":16,"column":0},"end":{"line":16,"column":36}}},"branchMap":{}},"/Users/a.kuzmichev/dev-private/simple-totp/dist/getKey.js":{"path":"/Users/a.kuzmichev/dev-private/simple-totp/dist/getKey.js","s":{"1":1,"2":1,"3":1,"4":5,"5":1,"6":4,"7":1,"8":3,"9":2,"10":1},"b":{"1":[1,4],"2":[1,3],"3":[2,1]},"f":{},"fnMap":{},"statementMap":{"1":{"start":{"line":2,"column":0},"end":{"line":2,"column":62}},"2":{"start":{"line":3,"column":0},"end":{"line":3,"column":49}},"3":{"start":{"line":4,"column":0},"end":{"line":13,"column":2}},"4":{"start":{"line":5,"column":4},"end":{"line":6,"column":21}},"5":{"start":{"line":6,"column":8},"end":{"line":6,"column":21}},"6":{"start":{"line":7,"column":4},"end":{"line":9,"column":5}},"7":{"start":{"line":8,"column":8},"end":{"line":8,"column":107}},"8":{"start":{"line":10,"column":4},"end":{"line":11,"column":50}},"9":{"start":{"line":11,"column":8},"end":{"line":11,"column":50}},"10":{"start":{"line":12,"column":4},"end":{"line":12,"column":40}}},"branchMap":{"1":{"line":5,"type":"if","locations":[{"start":{"line":5,"column":4},"end":{"line":5,"column":4}},{"start":{"line":5,"column":4},"end":{"line":5,"column":4}}]},"2":{"line":7,"type":"if","locations":[{"start":{"line":7,"column":4},"end":{"line":7,"column":4}},{"start":{"line":7,"column":4},"end":{"line":7,"column":4}}]},"3":{"line":10,"type":"if","locations":[{"start":{"line":10,"column":4},"end":{"line":10,"column":4}},{"start":{"line":10,"column":4},"end":{"line":10,"column":4}}]}}},"/Users/a.kuzmichev/dev-private/simple-totp/dist/base32decode.js":{"path":"/Users/a.kuzmichev/dev-private/simple-totp/dist/base32decode.js","s":{"1":1,"2":1,"3":1,"4":1,"5":5,"6":1,"7":4,"8":32,"9":4,"10":31,"11":1,"12":3,"13":3,"14":24,"15":24,"16":24,"17":24,"18":24,"19":3,"20":3,"21":3,"22":21,"23":21,"24":21,"25":3,"26":1,"27":2,"28":2,"29":2,"30":2,"31":2,"32":2,"33":2,"34":16,"35":16,"36":16,"37":2,"38":26,"39":26,"40":26,"41":26,"42":2,"43":1,"44":1,"45":2,"46":1,"47":1,"48":2,"49":16,"50":16,"51":16,"52":25,"53":2,"54":1,"55":1,"56":1,"57":2},"b":{"1":[1,4],"2":[1,3],"3":[3,21],"4":[1,1]},"f":{},"fnMap":{},"statementMap":{"1":{"start":{"line":2,"column":0},"end":{"line":2,"column":62}},"2":{"start":{"line":3,"column":0},"end":{"line":3,"column":52}},"3":{"start":{"line":4,"column":0},"end":{"line":4,"column":20}},"4":{"start":{"line":5,"column":0},"end":{"line":41,"column":2}},"5":{"start":{"line":6,"column":4},"end":{"line":7,"column":69}},"6":{"start":{"line":7,"column":8},"end":{"line":7,"column":69}},"7":{"start":{"line":8,"column":4},"end":{"line":8,"column":77}},"8":{"start":{"line":8,"column":56},"end":{"line":8,"column":75}},"9":{"start":{"line":9,"column":4},"end":{"line":10,"column":61}},"10":{"start":{"line":9,"column":31},"end":{"line":9,"column":39}},"11":{"start":{"line":10,"column":8},"end":{"line":10,"column":61}},"12":{"start":{"line":11,"column":4},"end":{"line":11,"column":57}},"13":{"start":{"line":12,"column":4},"end":{"line":39,"column":7}},"14":{"start":{"line":19,"column":8},"end":{"line":19,"column":36}},"15":{"start":{"line":21,"column":8},"end":{"line":21,"column":55}},"16":{"start":{"line":23,"column":8},"end":{"line":23,"column":43}},"17":{"start":{"line":26,"column":8},"end":{"line":26,"column":49}},"18":{"start":{"line":27,"column":8},"end":{"line":38,"column":9}},"19":{"start":{"line":30,"column":12},"end":{"line":30,"column":51}},"20":{"start":{"line":31,"column":12},"end":{"line":31,"column":36}},"21":{"start":{"line":32,"column":12},"end":{"line":32,"column":48}},"22":{"start":{"line":35,"column":12},"end":{"line":35,"column":55}},"23":{"start":{"line":36,"column":12},"end":{"line":36,"column":54}},"24":{"start":{"line":37,"column":12},"end":{"line":37,"column":52}},"25":{"start":{"line":40,"column":4},"end":{"line":40,"column":15}},"26":{"start":{"line":42,"column":0},"end":{"line":80,"column":2}},"27":{"start":{"line":43,"column":4},"end":{"line":43,"column":27}},"28":{"start":{"line":44,"column":4},"end":{"line":44,"column":20}},"29":{"start":{"line":45,"column":4},"end":{"line":45,"column":29}},"30":{"start":{"line":46,"column":4},"end":{"line":46,"column":20}},"31":{"start":{"line":47,"column":4},"end":{"line":47,"column":22}},"32":{"start":{"line":48,"column":4},"end":{"line":48,"column":20}},"33":{"start":{"line":49,"column":4},"end":{"line":53,"column":6}},"34":{"start":{"line":50,"column":8},"end":{"line":50,"column":49}},"35":{"start":{"line":51,"column":8},"end":{"line":51,"column":36}},"36":{"start":{"line":52,"column":8},"end":{"line":52,"column":29}},"37":{"start":{"line":54,"column":4},"end":{"line":59,"column":6}},"38":{"start":{"line":55,"column":8},"end":{"line":55,"column":67}},"39":{"start":{"line":56,"column":8},"end":{"line":56,"column":62}},"40":{"start":{"line":57,"column":8},"end":{"line":57,"column":34}},"41":{"start":{"line":58,"column":8},"end":{"line":58,"column":41}},"42":{"start":{"line":60,"column":4},"end":{"line":63,"column":6}},"43":{"start":{"line":61,"column":8},"end":{"line":61,"column":56}},"44":{"start":{"line":62,"column":8},"end":{"line":62,"column":33}},"45":{"start":{"line":64,"column":4},"end":{"line":67,"column":6}},"46":{"start":{"line":65,"column":8},"end":{"line":65,"column":56}},"47":{"start":{"line":66,"column":8},"end":{"line":66,"column":48}},"48":{"start":{"line":68,"column":4},"end":{"line":73,"column":5}},"49":{"start":{"line":69,"column":8},"end":{"line":70,"column":32}},"50":{"start":{"line":70,"column":12},"end":{"line":70,"column":32}},"51":{"start":{"line":71,"column":8},"end":{"line":72,"column":20}},"52":{"start":{"line":72,"column":12},"end":{"line":72,"column":20}},"53":{"start":{"line":74,"column":4},"end":{"line":78,"column":5}},"54":{"start":{"line":75,"column":8},"end":{"line":75,"column":16}},"55":{"start":{"line":76,"column":8},"end":{"line":76,"column":16}},"56":{"start":{"line":77,"column":8},"end":{"line":77,"column":14}},"57":{"start":{"line":79,"column":4},"end":{"line":79,"column":18}}},"branchMap":{"1":{"line":6,"type":"if","locations":[{"start":{"line":6,"column":4},"end":{"line":6,"column":4}},{"start":{"line":6,"column":4},"end":{"line":6,"column":4}}]},"2":{"line":9,"type":"if","locations":[{"start":{"line":9,"column":4},"end":{"line":9,"column":4}},{"start":{"line":9,"column":4},"end":{"line":9,"column":4}}]},"3":{"line":27,"type":"if","locations":[{"start":{"line":27,"column":8},"end":{"line":27,"column":8}},{"start":{"line":27,"column":8},"end":{"line":27,"column":8}}]},"4":{"line":74,"type":"if","locations":[{"start":{"line":74,"column":4},"end":{"line":74,"column":4}},{"start":{"line":74,"column":4},"end":{"line":74,"column":4}}]}}},"/Users/a.kuzmichev/dev-private/simple-totp/dist/getCounter.js":{"path":"/Users/a.kuzmichev/dev-private/simple-totp/dist/getCounter.js","s":{"1":1,"2":1,"3":3,"4":3,"5":3,"6":3,"7":3,"8":3},"b":{},"f":{},"fnMap":{},"statementMap":{"1":{"start":{"line":2,"column":0},"end":{"line":2,"column":62}},"2":{"start":{"line":3,"column":0},"end":{"line":12,"column":2}},"3":{"start":{"line":4,"column":4},"end":{"line":4,"column":45}},"4":{"start":{"line":5,"column":4},"end":{"line":5,"column":54}},"5":{"start":{"line":6,"column":4},"end":{"line":6,"column":55}},"6":{"start":{"line":7,"column":4},"end":{"line":7,"column":45}},"7":{"start":{"line":10,"column":4},"end":{"line":10,"column":44}},"8":{"start":{"line":11,"column":4},"end":{"line":11,"column":42}}},"branchMap":{}},"/Users/a.kuzmichev/dev-private/simple-totp/dist/getHMAC.js":{"path":"/Users/a.kuzmichev/dev-private/simple-totp/dist/getHMAC.js","s":{"1":1,"2":1,"3":1,"4":1,"5":1,"6":2},"b":{"1":[1,1,1],"2":[0,1],"3":[1,1]},"f":{"1":1},"fnMap":{"1":{"name":"(anonymous_1)","line":2,"loc":{"start":{"line":2,"column":56},"end":{"line":2,"column":71}}}},"statementMap":{"1":{"start":{"line":2,"column":0},"end":{"line":4,"column":2}},"2":{"start":{"line":3,"column":4},"end":{"line":3,"column":62}},"3":{"start":{"line":5,"column":0},"end":{"line":5,"column":62}},"4":{"start":{"line":6,"column":0},"end":{"line":6,"column":52}},"5":{"start":{"line":7,"column":0},"end":{"line":10,"column":14}},"6":{"start":{"line":7,"column":39},"end":{"line":10,"column":13}}},"branchMap":{"1":{"line":2,"type":"binary-expr","locations":[{"start":{"line":2,"column":23},"end":{"line":2,"column":27}},{"start":{"line":2,"column":31},"end":{"line":2,"column":51}},{"start":{"line":2,"column":56},"end":{"line":4,"column":1}}]},"2":{"line":3,"type":"cond-expr","locations":[{"start":{"line":3,"column":37},"end":{"line":3,"column":40}},{"start":{"line":3,"column":43},"end":{"line":3,"column":61}}]},"3":{"line":3,"type":"binary-expr","locations":[{"start":{"line":3,"column":12},"end":{"line":3,"column":15}},{"start":{"line":3,"column":19},"end":{"line":3,"column":33}}]}}},"/Users/a.kuzmichev/dev-private/simple-totp/dist/getTOTP.js":{"path":"/Users/a.kuzmichev/dev-private/simple-totp/dist/getTOTP.js","s":{"1":1,"2":1,"3":1,"4":1,"5":1,"6":1,"7":2,"8":2,"9":2,"10":2,"11":2},"b":{},"f":{},"fnMap":{},"statementMap":{"1":{"start":{"line":2,"column":0},"end":{"line":2,"column":62}},"2":{"start":{"line":3,"column":0},"end":{"line":3,"column":39}},"3":{"start":{"line":4,"column":0},"end":{"line":4,"column":45}},"4":{"start":{"line":5,"column":0},"end":{"line":5,"column":39}},"5":{"start":{"line":6,"column":0},"end":{"line":6,"column":37}},"6":{"start":{"line":7,"column":0},"end":{"line":13,"column":2}},"7":{"start":{"line":8,"column":4},"end":{"line":8,"column":51}},"8":{"start":{"line":9,"column":4},"end":{"line":9,"column":86}},"9":{"start":{"line":10,"column":4},"end":{"line":10,"column":58}},"10":{"start":{"line":11,"column":4},"end":{"line":11,"column":50}},"11":{"start":{"line":12,"column":4},"end":{"line":12,"column":33}}},"branchMap":{}}}