{"/Users/a.kuzmichev/dev_private/hmac/dist/base32decode.js":{"path":"/Users/a.kuzmichev/dev_private/hmac/dist/base32decode.js","s":{"1":1,"2":1,"3":1,"4":1,"5":1,"6":0,"7":1,"8":8,"9":1,"10":1,"11":8,"12":8,"13":8,"14":8,"15":8,"16":1,"17":1,"18":1,"19":7,"20":7,"21":7,"22":1},"b":{"1":[0,1],"2":[1,7]},"f":{"1":1,"2":8,"3":8},"fnMap":{"1":{"name":"(anonymous_1)","line":5,"loc":{"start":{"line":5,"column":23},"end":{"line":5,"column":44}}},"2":{"name":"(anonymous_2)","line":8,"loc":{"start":{"line":8,"column":47},"end":{"line":8,"column":60}}},"3":{"name":"(anonymous_3)","line":10,"loc":{"start":{"line":10,"column":23},"end":{"line":10,"column":53}}}},"statementMap":{"1":{"start":{"line":2,"column":0},"end":{"line":2,"column":62}},"2":{"start":{"line":3,"column":0},"end":{"line":3,"column":50}},"3":{"start":{"line":4,"column":0},"end":{"line":4,"column":18}},"4":{"start":{"line":5,"column":0},"end":{"line":39,"column":2}},"5":{"start":{"line":6,"column":4},"end":{"line":7,"column":20}},"6":{"start":{"line":7,"column":8},"end":{"line":7,"column":20}},"7":{"start":{"line":8,"column":4},"end":{"line":8,"column":93}},"8":{"start":{"line":8,"column":62},"end":{"line":8,"column":89}},"9":{"start":{"line":9,"column":4},"end":{"line":9,"column":55}},"10":{"start":{"line":10,"column":4},"end":{"line":37,"column":7}},"11":{"start":{"line":17,"column":8},"end":{"line":17,"column":34}},"12":{"start":{"line":19,"column":8},"end":{"line":19,"column":53}},"13":{"start":{"line":21,"column":8},"end":{"line":21,"column":41}},"14":{"start":{"line":24,"column":8},"end":{"line":24,"column":47}},"15":{"start":{"line":25,"column":8},"end":{"line":36,"column":9}},"16":{"start":{"line":28,"column":12},"end":{"line":28,"column":49}},"17":{"start":{"line":29,"column":12},"end":{"line":29,"column":34}},"18":{"start":{"line":30,"column":12},"end":{"line":30,"column":48}},"19":{"start":{"line":33,"column":12},"end":{"line":33,"column":53}},"20":{"start":{"line":34,"column":12},"end":{"line":34,"column":52}},"21":{"start":{"line":35,"column":12},"end":{"line":35,"column":52}},"22":{"start":{"line":38,"column":4},"end":{"line":38,"column":15}}},"branchMap":{"1":{"line":6,"type":"if","locations":[{"start":{"line":6,"column":4},"end":{"line":6,"column":4}},{"start":{"line":6,"column":4},"end":{"line":6,"column":4}}]},"2":{"line":25,"type":"if","locations":[{"start":{"line":25,"column":8},"end":{"line":25,"column":8}},{"start":{"line":25,"column":8},"end":{"line":25,"column":8}}]}}},"/Users/a.kuzmichev/dev_private/hmac/dist/util.js":{"path":"/Users/a.kuzmichev/dev_private/hmac/dist/util.js","s":{"1":1,"2":1,"3":1,"4":1,"5":1,"6":1,"7":1,"8":1,"9":1,"10":1,"11":1,"12":1,"13":1,"14":1,"15":1,"16":0,"17":0,"18":0,"19":0,"20":0},"b":{"1":[1,1,1],"2":[0,1],"3":[1,1],"4":[1,0],"5":[0,0]},"f":{"1":1,"2":1,"3":1,"4":0},"fnMap":{"1":{"name":"(anonymous_1)","line":2,"loc":{"start":{"line":2,"column":56},"end":{"line":2,"column":71}}},"2":{"name":"(anonymous_2)","line":7,"loc":{"start":{"line":7,"column":27},"end":{"line":7,"column":52}}},"3":{"name":"(anonymous_3)","line":12,"loc":{"start":{"line":12,"column":21},"end":{"line":12,"column":42}}},"4":{"name":"(anonymous_4)","line":20,"loc":{"start":{"line":20,"column":15},"end":{"line":20,"column":42}}}},"statementMap":{"1":{"start":{"line":2,"column":0},"end":{"line":4,"column":2}},"2":{"start":{"line":3,"column":4},"end":{"line":3,"column":62}},"3":{"start":{"line":5,"column":0},"end":{"line":5,"column":62}},"4":{"start":{"line":6,"column":0},"end":{"line":6,"column":50}},"5":{"start":{"line":7,"column":0},"end":{"line":11,"column":2}},"6":{"start":{"line":8,"column":4},"end":{"line":8,"column":55}},"7":{"start":{"line":9,"column":4},"end":{"line":9,"column":59}},"8":{"start":{"line":10,"column":4},"end":{"line":10,"column":83}},"9":{"start":{"line":12,"column":0},"end":{"line":19,"column":2}},"10":{"start":{"line":13,"column":4},"end":{"line":13,"column":39}},"11":{"start":{"line":14,"column":4},"end":{"line":14,"column":43}},"12":{"start":{"line":15,"column":4},"end":{"line":15,"column":43}},"13":{"start":{"line":17,"column":4},"end":{"line":17,"column":44}},"14":{"start":{"line":18,"column":4},"end":{"line":18,"column":25}},"15":{"start":{"line":20,"column":0},"end":{"line":25,"column":2}},"16":{"start":{"line":21,"column":4},"end":{"line":21,"column":44}},"17":{"start":{"line":21,"column":30},"end":{"line":21,"column":42}},"18":{"start":{"line":22,"column":4},"end":{"line":22,"column":59}},"19":{"start":{"line":23,"column":4},"end":{"line":23,"column":38}},"20":{"start":{"line":24,"column":4},"end":{"line":24,"column":60}}},"branchMap":{"1":{"line":2,"type":"binary-expr","locations":[{"start":{"line":2,"column":23},"end":{"line":2,"column":27}},{"start":{"line":2,"column":31},"end":{"line":2,"column":51}},{"start":{"line":2,"column":56},"end":{"line":4,"column":1}}]},"2":{"line":3,"type":"cond-expr","locations":[{"start":{"line":3,"column":37},"end":{"line":3,"column":40}},{"start":{"line":3,"column":43},"end":{"line":3,"column":61}}]},"3":{"line":3,"type":"binary-expr","locations":[{"start":{"line":3,"column":12},"end":{"line":3,"column":15}},{"start":{"line":3,"column":19},"end":{"line":3,"column":33}}]},"4":{"line":13,"type":"binary-expr","locations":[{"start":{"line":13,"column":15},"end":{"line":13,"column":24}},{"start":{"line":13,"column":28},"end":{"line":13,"column":38}}]},"5":{"line":21,"type":"if","locations":[{"start":{"line":21,"column":4},"end":{"line":21,"column":4}},{"start":{"line":21,"column":4},"end":{"line":21,"column":4}}]}}}}