TN:
SF:/Users/a.kuzmichev/dev_private/hmac/dist/index.js
FNF:0
FNH:0
DA:2,1
DA:3,1
DA:4,1
DA:5,1
DA:6,1
DA:7,1
DA:8,1
DA:9,1
DA:10,1
DA:11,1
DA:12,1
DA:13,1
DA:14,1
LF:13
LH:13
BRF:0
BRH:0
end_of_record
TN:
SF:/Users/a.kuzmichev/dev_private/hmac/dist/getKey.js
FN:4,(anonymous_1)
FNF:1
FNH:1
FNDA:5,(anonymous_1)
DA:2,1
DA:3,1
DA:4,1
DA:5,5
DA:6,1
DA:7,4
DA:8,1
DA:10,3
DA:11,2
DA:12,1
LF:10
LH:10
BRDA:5,1,0,1
BRDA:5,1,1,4
BRDA:7,2,0,1
BRDA:7,2,1,3
BRDA:10,3,0,2
BRDA:10,3,1,1
BRF:6
BRH:6
end_of_record
TN:
SF:/Users/a.kuzmichev/dev_private/hmac/dist/base32decode.js
FN:5,(anonymous_1)
FN:8,(anonymous_2)
FN:9,(anonymous_3)
FN:12,(anonymous_4)
FNF:4
FNH:4
FNDA:5,(anonymous_1)
FNDA:32,(anonymous_2)
FNDA:31,(anonymous_3)
FNDA:24,(anonymous_4)
DA:2,1
DA:3,1
DA:4,1
DA:5,1
DA:6,5
DA:7,1
DA:8,32
DA:9,31
DA:10,1
DA:11,3
DA:12,3
DA:19,24
DA:21,24
DA:23,24
DA:26,24
DA:27,24
DA:30,3
DA:31,3
DA:32,3
DA:35,21
DA:36,21
DA:37,21
DA:40,3
LF:23
LH:23
BRDA:6,1,0,1
BRDA:6,1,1,4
BRDA:9,2,0,1
BRDA:9,2,1,3
BRDA:27,3,0,3
BRDA:27,3,1,21
BRF:6
BRH:6
end_of_record
TN:
SF:/Users/a.kuzmichev/dev_private/hmac/dist/getCode.js
FN:3,(anonymous_1)
FNF:1
FNH:1
FNDA:3,(anonymous_1)
DA:2,1
DA:3,1
DA:4,3
DA:5,3
DA:6,3
LF:5
LH:5
BRF:0
BRH:0
end_of_record
TN:
SF:/Users/a.kuzmichev/dev_private/hmac/dist/getCounter.js
FN:3,(anonymous_1)
FNF:1
FNH:1
FNDA:3,(anonymous_1)
DA:2,1
DA:3,1
DA:4,3
DA:5,3
DA:6,3
DA:7,3
DA:10,3
DA:11,3
LF:8
LH:8
BRF:0
BRH:0
end_of_record
TN:
SF:/Users/a.kuzmichev/dev_private/hmac/dist/getHMAC.js
FN:2,(anonymous_1)
FN:7,(anonymous_2)
FNF:2
FNH:2
FNDA:1,(anonymous_1)
FNDA:2,(anonymous_2)
DA:2,1
DA:3,1
DA:5,1
DA:6,1
DA:7,1
DA:8,2
LF:6
LH:6
BRDA:2,1,0,1
BRDA:2,1,1,1
BRDA:2,1,2,1
BRDA:3,2,0,0
BRDA:3,2,1,1
BRDA:3,3,0,1
BRDA:3,3,1,1
BRF:7
BRH:6
end_of_record
TN:
SF:/Users/a.kuzmichev/dev_private/hmac/dist/getTOTP.js
FN:7,(anonymous_1)
FNF:1
FNH:1
FNDA:2,(anonymous_1)
DA:2,1
DA:3,1
DA:4,1
DA:5,1
DA:6,1
DA:7,1
DA:8,2
DA:9,2
DA:10,2
DA:11,2
DA:12,2
DA:13,2
DA:14,2
DA:15,2
DA:16,2
LF:15
LH:15
BRDA:8,1,0,2
BRDA:8,1,1,0
BRDA:9,2,0,1
BRDA:9,2,1,1
BRDA:10,3,0,2
BRDA:10,3,1,0
BRDA:11,4,0,2
BRDA:11,4,1,0
BRF:8
BRH:5
end_of_record
