TN:
SF:/Users/a.kuzmichev/dev-private/simple-totp/dist/index.js
FNF:0
FNH:0
DA:2,1
DA:3,1
DA:4,1
DA:5,1
DA:6,1
DA:7,1
DA:8,1
DA:9,1
DA:10,1
DA:11,1
DA:12,1
DA:13,1
DA:14,1
DA:15,1
DA:16,1
LF:15
LH:15
BRF:0
BRH:0
end_of_record
TN:
SF:/Users/a.kuzmichev/dev-private/simple-totp/dist/getKey.js
FNF:0
FNH:0
DA:2,1
DA:3,1
DA:4,1
DA:5,5
DA:6,1
DA:7,4
DA:8,1
DA:10,3
DA:11,2
DA:12,1
LF:10
LH:10
BRDA:5,1,0,1
BRDA:5,1,1,4
BRDA:7,2,0,1
BRDA:7,2,1,3
BRDA:10,3,0,2
BRDA:10,3,1,1
BRF:6
BRH:6
end_of_record
TN:
SF:/Users/a.kuzmichev/dev-private/simple-totp/dist/base32decode.js
FNF:0
FNH:0
DA:2,1
DA:3,1
DA:4,1
DA:5,1
DA:6,5
DA:7,1
DA:8,32
DA:9,31
DA:10,1
DA:11,3
DA:12,3
DA:19,24
DA:21,24
DA:23,24
DA:26,24
DA:27,24
DA:30,3
DA:31,3
DA:32,3
DA:35,21
DA:36,21
DA:37,21
DA:40,3
DA:42,1
DA:43,2
DA:44,2
DA:45,2
DA:46,2
DA:47,2
DA:48,2
DA:49,2
DA:50,16
DA:51,16
DA:52,16
DA:54,2
DA:55,26
DA:56,26
DA:57,26
DA:58,26
DA:60,2
DA:61,1
DA:62,1
DA:64,2
DA:65,1
DA:66,1
DA:68,2
DA:69,16
DA:70,16
DA:71,16
DA:72,25
DA:74,2
DA:75,1
DA:76,1
DA:77,1
DA:79,2
LF:55
LH:55
BRDA:6,1,0,1
BRDA:6,1,1,4
BRDA:9,2,0,1
BRDA:9,2,1,3
BRDA:27,3,0,3
BRDA:27,3,1,21
BRDA:74,4,0,1
BRDA:74,4,1,1
BRF:8
BRH:8
end_of_record
TN:
SF:/Users/a.kuzmichev/dev-private/simple-totp/dist/getCounter.js
FNF:0
FNH:0
DA:2,1
DA:3,1
DA:4,3
DA:5,3
DA:6,3
DA:7,3
DA:10,3
DA:11,3
LF:8
LH:8
BRF:0
BRH:0
end_of_record
TN:
SF:/Users/a.kuzmichev/dev-private/simple-totp/dist/getHMAC.js
FN:2,(anonymous_1)
FNF:1
FNH:1
FNDA:1,(anonymous_1)
DA:2,1
DA:3,1
DA:5,1
DA:6,1
DA:7,2
LF:5
LH:5
BRDA:2,1,0,1
BRDA:2,1,1,1
BRDA:2,1,2,1
BRDA:3,2,0,0
BRDA:3,2,1,1
BRDA:3,3,0,1
BRDA:3,3,1,1
BRF:7
BRH:6
end_of_record
TN:
SF:/Users/a.kuzmichev/dev-private/simple-totp/dist/getTOTP.js
FNF:0
FNH:0
DA:2,1
DA:3,1
DA:4,1
DA:5,1
DA:6,1
DA:7,1
DA:8,2
DA:9,2
DA:10,2
DA:11,2
DA:12,2
LF:11
LH:11
BRF:0
BRH:0
end_of_record
